<?xml version="1.0" encoding="UTF-8"?>
<!-- Generated by org.testng.reporters.JUnitReportReporter -->
<testsuite skipped="0" hostname="USER-PC" name="hello1.hello2" tests="1" failures="0" timestamp="29 Apr 2019 12:24:55 GMT" time="0.000" errors="0">
  <testcase name="t1" time="0.000" classname="hello1.hello2"/>
</testsuite> <!-- hello1.hello2 -->
